<?xml version="1.0" encoding="UTF-8"?>
<!-- Generated by org.testng.reporters.JUnitReportReporter -->
<testsuite skipped="0" hostname="DESKTOP-J2S3UT7" name="testCases.LoginTestCase" tests="21" failures="0" timestamp="2023-01-06T18:09:14 GST" time="124.779" errors="0">
  <testcase name="excelReadLogin" time="5.158" classname="testCases.LoginTestCase"/>
  <testcase name="verifyLoggedUsersWithDataProvider" time="3.999" classname="testCases.LoginTestCase"/>
  <testcase name="verifyLoggedUsersWithDataProvider" time="5.191" classname="testCases.LoginTestCase"/>
  <testcase name="verifyLoggedUsersWithDataProvider" time="5.350" classname="testCases.LoginTestCase"/>
  <testcase name="verifyRememberMeCheckBoxIsSelected" time="3.168" classname="testCases.LoginTestCase"/>
  <testcase name="profileNameStyleValidation" time="7.088" classname="testCases.LoginTestCase"/>
  <testcase name="verifyRememberMeCheckBoxIsSelected" time="7.273" classname="testCases.LoginTestCase"/>
  <testcase name="verifyLoggedUsers" time="7.769" classname="testCases.LoginTestCase"/>
  <testcase name="excelReadLogin" time="7.111" classname="testCases.LoginTestCase"/>
  <testcase name="profileNameStyleValidation" time="4.309" classname="testCases.LoginTestCase"/>
  <testcase name="verifyLoggedUsersWithDataProvider" time="4.163" classname="testCases.LoginTestCase"/>
  <testcase name="verifyLoggedUsersWithDataProvider" time="7.680" classname="testCases.LoginTestCase"/>
  <testcase name="excelReadLogin" time="7.396" classname="testCases.LoginTestCase"/>
  <testcase name="profileNameStyleValidation" time="8.214" classname="testCases.LoginTestCase"/>
  <testcase name="verifyLoggedUsers" time="6.179" classname="testCases.LoginTestCase"/>
  <testcase name="verifyLoggedUsersWithDataProvider" time="4.055" classname="testCases.LoginTestCase"/>
  <testcase name="verifyLoggedUsersWithDataProvider" time="7.364" classname="testCases.LoginTestCase"/>
  <testcase name="verifyLoggedUsersWithDataProvider" time="7.655" classname="testCases.LoginTestCase"/>
  <testcase name="verifyRememberMeCheckBoxIsSelected" time="5.152" classname="testCases.LoginTestCase"/>
  <testcase name="verifyLoggedUsersWithDataProvider" time="6.067" classname="testCases.LoginTestCase"/>
  <testcase name="verifyLoggedUsers" time="4.438" classname="testCases.LoginTestCase"/>
</testsuite> <!-- testCases.LoginTestCase -->
