<?xml version="1.0" encoding="UTF-8"?>
<!-- Generated by org.testng.reporters.JUnitReportReporter -->
<testsuite hostname="DESKTOP-J2S3UT7" failures="0" tests="5" name="testCases.ManageDeliveryBoyTestCases" time="81.483" errors="0" timestamp="2022-12-31T10:05:52 GST" skipped="0">
  <testcase classname="testCases.ManageDeliveryBoyTestCases" name="verifyToolTipTextIsDisplayedCorrectly" time="10.478"/>
  <system-out/>
  <testcase classname="testCases.ManageDeliveryBoyTestCases" name="verifyTheStyleOfNewBtn" time="22.753"/>
  <system-out/>
  <testcase classname="testCases.ManageDeliveryBoyTestCases" name="verifySearchButtonIsClickable" time="20.310"/>
  <system-out/>
  <testcase classname="testCases.ManageDeliveryBoyTestCases" name="verifySuccessfullRegistrationOfDeliveryBoy" time="22.523"/>
  <system-out/>
  <testcase classname="testCases.ManageDeliveryBoyTestCases" name="verifySuccessfullDeletionOfDeliveryBoy" time="5.419"/>
  <system-out/>
</testsuite> <!-- testCases.ManageDeliveryBoyTestCases -->
