<?xml version="1.0" encoding="UTF-8"?>
<!-- Generated by org.testng.reporters.JUnitReportReporter -->
<testsuite hostname="DESKTOP-J2S3UT7" failures="0" tests="5" name="testCases.PushNotificationsTestCases" time="22.514" errors="0" timestamp="2022-12-31T10:05:52 GST" skipped="0">
  <testcase classname="testCases.PushNotificationsTestCases" name="verifyPushNotificationTitleDisplayedCorrectly" time="3.517"/>
  <system-out/>
  <testcase classname="testCases.PushNotificationsTestCases" name="verifyTitleTextBoxHasMandatorySymbol" time="4.314"/>
  <system-out/>
  <testcase classname="testCases.PushNotificationsTestCases" name="verifyColorOfSendBtn" time="4.032"/>
  <system-out/>
  <testcase classname="testCases.PushNotificationsTestCases" name="verifyBackGroundColorOfAlertBox" time="5.569"/>
  <system-out/>
  <testcase classname="testCases.PushNotificationsTestCases" name="verifyTheAlertMessageDisplayed" time="5.082"/>
  <system-out/>
</testsuite> <!-- testCases.PushNotificationsTestCases -->
