<?xml version="1.0" encoding="UTF-8"?>
<!-- Generated by org.testng.reporters.JUnitReportReporter -->
<testsuite hostname="DESKTOP-J2S3UT7" failures="0" tests="1" name="testCases.ManageProductTestCases" time="37.475" errors="0" timestamp="2022-12-22T10:56:54 GST" skipped="0">
  <testcase classname="testCases.ManageProductTestCases" name="verifyTheImageFileIsSelected" time="37.475"/>
  <system-out/>
</testsuite> <!-- testCases.ManageProductTestCases -->
