<?xml version="1.0" encoding="UTF-8"?>
<!-- Generated by org.testng.reporters.JUnitReportReporter -->
<testsuite hostname="DESKTOP-J2S3UT7" failures="0" tests="3" name="testCases.DashboardTestCase" time="13.163" errors="0" timestamp="2022-12-31T10:05:52 GST" skipped="0">
  <testcase classname="testCases.DashboardTestCase" name="verifyManageExpenseIsDisplayedCorrectly" time="5.338"/>
  <system-out/>
  <testcase classname="testCases.DashboardTestCase" name="homeTabStyleValidation" time="4.150"/>
  <system-out/>
  <testcase classname="testCases.DashboardTestCase" name="verifyManageUsersIsDisplayedCorrectly" time="3.675"/>
  <system-out/>
</testsuite> <!-- testCases.DashboardTestCase -->
