<?xml version="1.0" encoding="UTF-8"?>
<!-- Generated by org.testng.reporters.JUnitReportReporter -->
<testsuite hostname="DESKTOP-J2S3UT7" failures="0" tests="4" name="testCases.ManageProductTestCases" time="61.049" errors="0" timestamp="2022-12-31T10:05:52 GST" skipped="0">
  <testcase classname="testCases.ManageProductTestCases" name="verifyTheImageFileIsSelected" time="10.687"/>
  <system-out/>
  <testcase classname="testCases.ManageProductTestCases" name="verifyTheVegRadioButtonIsSelected" time="21.848"/>
  <system-out/>
  <testcase classname="testCases.ManageProductTestCases" name="verifyTheStockRadioBtnIsSelected" time="6.455"/>
  <system-out/>
  <testcase classname="testCases.ManageProductTestCases" name="verifyTheColorOfStyleBtn" time="22.059"/>
  <system-out/>
</testsuite> <!-- testCases.ManageProductTestCases -->
