<?xml version="1.0" encoding="UTF-8"?>
<!-- Generated by org.testng.reporters.JUnitReportReporter -->
<testsuite hostname="DESKTOP-J2S3UT7" failures="0" tests="2" name="testCases.AdminUsersTestCases" time="32.221" errors="0" timestamp="2022-12-31T10:05:52 GST" skipped="0">
  <testcase classname="testCases.AdminUsersTestCases" name="validateAdminProfileWithFaker" time="25.927"/>
  <system-out/>
  <testcase classname="testCases.AdminUsersTestCases" name="validateAdminProfileAlreadyExists" time="6.294"/>
  <system-out/>
</testsuite> <!-- testCases.AdminUsersTestCases -->
