<?xml version="1.0" encoding="UTF-8"?>
<!-- Generated by org.testng.reporters.JUnitReportReporter -->
<testsuite hostname="DESKTOP-J2S3UT7" failures="0" tests="1" name="testCases.PushNotificationsTestCases" time="7.554" errors="0" timestamp="2022-12-18T17:57:11 GST" skipped="0">
  <testcase classname="testCases.PushNotificationsTestCases" name="verifyTheAlertMessageDisplayed" time="7.554"/>
  <system-out/>
</testsuite> <!-- testCases.PushNotificationsTestCases -->
