<?xml version="1.0" encoding="UTF-8"?>
<!-- Generated by org.testng.reporters.JUnitReportReporter -->
<testsuite hostname="DESKTOP-J2S3UT7" failures="0" tests="3" name="testCases.MobileSliderTestCases" time="16.953" errors="0" timestamp="2022-12-21T17:44:33 GST" skipped="0">
  <testcase classname="testCases.MobileSliderTestCases" name="verifyMobileSliderTitleIsDisplayedCorrectly" time="7.130"/>
  <system-out/>
  <testcase classname="testCases.MobileSliderTestCases" name="verifyTheImageIsDisplayed" time="4.615"/>
  <system-out/>
  <testcase classname="testCases.MobileSliderTestCases" name="verifyTheStatusOfItem" time="5.208"/>
  <system-out/>
</testsuite> <!-- testCases.MobileSliderTestCases -->
