<?xml version="1.0" encoding="UTF-8"?>
<!-- Generated by org.testng.reporters.JUnitReportReporter -->
<testsuite skipped="0" hostname="DESKTOP-J2S3UT7" name="testCases.ManageOrdersTestCases" tests="1" failures="0" timestamp="2023-01-08T14:03:08 GST" time="11.217" errors="0">
  <testcase name="verifyOrderIdAndModeOfPayment" time="11.217" classname="testCases.ManageOrdersTestCases"/>
</testsuite> <!-- testCases.ManageOrdersTestCases -->
