<?xml version="1.0" encoding="UTF-8"?>
<!-- Generated by org.testng.reporters.JUnitReportReporter -->
<testsuite skipped="0" hostname="DESKTOP-J2S3UT7" name="testCases.AdminUsersTestCases" tests="1" failures="0" timestamp="2023-01-16T10:50:47 GST" time="9.964" errors="0">
  <testcase name="validateAdminProfileWithFaker" time="9.964" classname="testCases.AdminUsersTestCases"/>
</testsuite> <!-- testCases.AdminUsersTestCases -->
