<?xml version="1.0" encoding="UTF-8"?>
<!-- Generated by org.testng.reporters.JUnitReportReporter -->
<testsuite skipped="0" hostname="DESKTOP-J2S3UT7" name="testCases.ManageDeliveryBoyTestCases" tests="2" failures="0" timestamp="2023-01-06T17:12:32 GST" time="18.620" errors="0">
  <testcase name="verifyToolTipTextIsDisplayedCorrectly" time="9.304" classname="testCases.ManageDeliveryBoyTestCases"/>
  <testcase name="verifyTheStyleOfNewBtn" time="9.316" classname="testCases.ManageDeliveryBoyTestCases"/>
</testsuite> <!-- testCases.ManageDeliveryBoyTestCases -->
