<?xml version="1.0" encoding="UTF-8"?>
<!-- Generated by org.testng.reporters.JUnitReportReporter -->
<testsuite hostname="DESKTOP-J2S3UT7" failures="0" tests="1" name="testCases.DashboardTestCase" time="6.787" errors="0" timestamp="2022-12-15T07:11:19 GST" skipped="0">
  <testcase classname="testCases.DashboardTestCase" name="verifyManageUsersIsDisplayedCorrectly" time="6.787"/>
  <system-out/>
</testsuite> <!-- testCases.DashboardTestCase -->
