<?xml version="1.0" encoding="UTF-8"?>
<!-- Generated by org.testng.reporters.JUnitReportReporter -->
<testsuite skipped="0" hostname="DESKTOP-J2S3UT7" name="testCases.MobileSliderTestCases" tests="1" failures="0" timestamp="2023-01-08T19:53:03 GST" time="12.289" errors="0">
  <testcase name="verifyTheStatusOfItem" time="12.289" classname="testCases.MobileSliderTestCases"/>
</testsuite> <!-- testCases.MobileSliderTestCases -->
