<?xml version="1.0" encoding="UTF-8"?>
<!-- Generated by org.testng.reporters.JUnitReportReporter -->
<testsuite skipped="0" hostname="DESKTOP-J2S3UT7" name="testCases.AdminUsersTestCases" tests="2" failures="0" timestamp="2023-01-10T19:31:35 GST" time="16.173" errors="0">
  <testcase name="validateAdminProfileWithFaker" time="9.840" classname="testCases.AdminUsersTestCases"/>
  <testcase name="validateAdminProfileAlreadyExists" time="6.333" classname="testCases.AdminUsersTestCases"/>
</testsuite> <!-- testCases.AdminUsersTestCases -->
