<?xml version="1.0" encoding="UTF-8"?>
<!-- Generated by org.testng.reporters.JUnitReportReporter -->
<testsuite skipped="0" hostname="DESKTOP-J2S3UT7" name="testCases.ManageProductTestCases" tests="1" failures="0" timestamp="2023-01-09T03:01:07 GST" time="15.225" errors="0">
  <testcase name="verifyTheImageFileIsSelected" time="15.225" classname="testCases.ManageProductTestCases"/>
</testsuite> <!-- testCases.ManageProductTestCases -->
