<?xml version="1.0" encoding="UTF-8"?>
<!-- Generated by org.testng.reporters.JUnitReportReporter -->
<testsuite skipped="0" hostname="DESKTOP-J2S3UT7" name="testCases.PushNotificationsTestCases" tests="1" failures="0" timestamp="2023-01-16T10:52:32 GST" time="8.766" errors="0">
  <testcase name="verifyTheAlertMessageDisplayed" time="8.766" classname="testCases.PushNotificationsTestCases"/>
</testsuite> <!-- testCases.PushNotificationsTestCases -->
