<?xml version="1.0" encoding="UTF-8"?>
<!-- Generated by org.testng.reporters.JUnitReportReporter -->
<testsuite hostname="DESKTOP-J2S3UT7" failures="0" tests="1" name="testCases.LoginTestCase" time="22.052" errors="0" timestamp="2022-12-22T18:12:50 GST" skipped="0">
  <testcase classname="testCases.LoginTestCase" name="excelReadLogin" time="22.052"/>
  <system-out/>
</testsuite> <!-- testCases.LoginTestCase -->
