<?xml version="1.0" encoding="UTF-8"?>
<!-- Generated by org.testng.reporters.JUnitReportReporter -->
<testsuite hostname="DESKTOP-J2S3UT7" failures="0" tests="3" name="testCases.MobileSliderTestCases" time="41.152" errors="0" timestamp="2022-12-31T10:05:52 GST" skipped="0">
  <testcase classname="testCases.MobileSliderTestCases" name="verifyMobileSliderTitleIsDisplayedCorrectly" time="16.300"/>
  <system-out/>
  <testcase classname="testCases.MobileSliderTestCases" name="verifyTheImageIsDisplayed" time="20.317"/>
  <system-out/>
  <testcase classname="testCases.MobileSliderTestCases" name="verifyTheStatusOfItem" time="4.535"/>
  <system-out/>
</testsuite> <!-- testCases.MobileSliderTestCases -->
